<?xml version="1.0" encoding="UTF-8"?>
<!-- Generated by org.testng.reporters.JUnitReportReporter -->
<testsuite name="com.test.LoginTest" tests="1" time="8.161" ignored="0" failures="0" timestamp="05 Feb 2021 04:00:57 GMT" skipped="0" hostname="HIBACL131408" errors="0">
  <testcase name="TC_001" time="8.161" classname="com.test.LoginTest"/>
</testsuite> <!-- com.test.LoginTest -->
